2025-09-25 13:55:50.049 [pool-3-thread-1] INFO  com.rs.mv.mvvs.client.catalog.from.scan.CurrentPathScanner - [client:400205]scan file in current open file directory(C:/Users/user/Desktop/123/папка_для_проекта/MyTestProject/Src)
2025-09-25 14:14:54.216 [pool-3-thread-1] INFO  com.rs.mv.mvvs.client.catalog.from.scan.CurrentPathScanner - [client:400205]scan file in current open file directory(C:/Users/user/Desktop/123/папка_для_проекта/MyTestProject)
2025-09-25 14:15:04.031 [pool-3-thread-1] INFO  com.rs.mv.mvvs.client.catalog.from.scan.CurrentPathScanner - [client:400205]scan file in current open file directory(C:/Users/user/Desktop/123/папка_для_проекта/MyTestProject/Src)
2025-09-25 14:15:17.852 [pool-3-thread-1] INFO  com.rs.mv.mvvs.client.catalog.from.scan.CurrentPathScanner - [client:400205]scan file in current open file directory(C:/Users/user/Desktop/123/папка_для_проекта/MyTestProject/Src)
2025-09-25 14:15:51.710 [pool-3-thread-1] INFO  com.rs.mv.mvvs.client.catalog.from.scan.CurrentPathScanner - [client:400205]scan file in current open file directory(C:/Users/user/Desktop/123/папка_для_проекта/MyTestProject)
2025-09-25 14:15:52.650 [pool-3-thread-1] INFO  com.rs.mv.mvvs.client.catalog.from.scan.CurrentPathScanner - [client:400205]scan file in current open file directory(C:/Users/user/Desktop/123/папка_для_проекта/MyTestProject)
2025-09-25 14:15:55.801 [pool-3-thread-1] INFO  com.rs.mv.mvvs.client.catalog.from.scan.CurrentPathScanner - [client:400205]scan file in current open file directory(C:/Users/user/Desktop/123/папка_для_проекта/MyTestProject/Src)
2025-09-25 15:14:35.252 [pool-3-thread-1] INFO  com.rs.mv.mvvs.client.catalog.from.scan.CurrentPathScanner - [client:400205]scan file in current open file directory(C:/Users/user/Desktop/123/папка_для_проекта/MyTestProject/Src)
2025-09-25 15:20:12.664 [pool-3-thread-1] INFO  com.rs.mv.mvvs.client.catalog.from.scan.CurrentPathScanner - [client:400205]scan file in current open file directory(C:/Users/user/Desktop/123/папка_для_проекта/MyTestProject/Src)
2025-09-25 15:21:32.650 [pool-3-thread-1] INFO  com.rs.mv.mvvs.client.catalog.from.scan.CurrentPathScanner - [client:400205]scan file in current open file directory(C:/Users/user/Desktop/123/папка_для_проекта/MyTestProject/Src)
2025-09-25 15:21:49.270 [main] INFO  com.rs.mv.mvvs.Startup - [LSP:100101]ROCKET MV BASIC EXTENSION to start
2025-09-25 15:21:49.298 [main] INFO  com.rs.mv.mvvs.lsp.server.BasicLanguageServerLauncher - [LSP:100102]start pip server
2025-09-25 15:21:49.468 [main] INFO  com.rs.mv.mvvs.lsp.server.BasicLanguageServerLauncher - [LSP:100103]ROCKET MV BASIC EXTENSION start successful
2025-09-25 15:21:49.520 [pool-3-thread-1] INFO  com.rs.mv.mvvs.instance.workspace.WorkspaceManager - [workspace:200101]load all workspace folders start
2025-09-25 15:21:49.521 [pool-3-thread-1] INFO  com.rs.mv.mvvs.instance.workspace.WorkspaceManager - [workspace:20010201]root uri: file:///c%3A/Users/user/Desktop/123/%D0%BF%D0%B0%D0%BF%D0%BA%D0%B0_%D0%B4%D0%BB%D1%8F_%D0%BF%D1%80%D0%BE%D0%B5%D0%BA%D1%82%D0%B0/MyTestProject
2025-09-25 15:21:49.522 [pool-3-thread-1] INFO  com.rs.mv.mvvs.instance.workspace.handler.FolderHandler - [workspace:200103]workspace contains workspace folder: file:///c%3A/Users/user/Desktop/123/%D0%BF%D0%B0%D0%BF%D0%BA%D0%B0_%D0%B4%D0%BB%D1%8F_%D0%BF%D1%80%D0%BE%D0%B5%D0%BA%D1%82%D0%B0/MyTestProject
2025-09-25 15:21:49.537 [pool-3-thread-1] INFO  com.rs.mv.mvvs.instance.workspace.handler.FolderHandler - [workspace:200104]workspace folder will be cached: file:///c%3A/Users/user/Desktop/123/%D0%BF%D0%B0%D0%BF%D0%BA%D0%B0_%D0%B4%D0%BB%D1%8F_%D0%BF%D1%80%D0%BE%D0%B5%D0%BA%D1%82%D0%B0/MyTestProject
2025-09-25 15:21:49.539 [pool-3-thread-1] INFO  com.rs.mv.mvvs.rmv.config.Config - [framework:30010101]config load start
2025-09-25 15:21:49.540 [pool-3-thread-1] INFO  com.rs.mv.mvvs.rmv.config.Config - [framework:30010102]project config path is : C:/Users/user/Desktop/123/папка_для_проекта/MyTestProject/.rmv/config
2025-09-25 15:21:49.540 [pool-3-thread-1] INFO  com.rs.mv.mvvs.rmv.config.Config - [framework:30010103]resource config path is : /
2025-09-25 15:21:49.540 [pool-3-thread-1] INFO  com.rs.mv.mvvs.rmv.config.Config - [framework:30010104]user config path is : C:/Users/user
2025-09-25 15:21:49.557 [pool-3-thread-1] INFO  com.rs.mv.mvvs.rmv.config.Config - [framework:30010105]config load end
2025-09-25 15:21:49.560 [pool-3-thread-1] INFO  com.rs.mv.mvvs.rmv.documentation.BasicDocumentation - [framework:30020101]documentation load start
2025-09-25 15:21:49.561 [pool-3-thread-1] INFO  com.rs.mv.mvvs.rmv.documentation.reader.SystemDocReader - [framework:30020102]system documentation path: /documentation/UNIVERSE/
2025-09-25 15:21:49.563 [pool-3-thread-1] INFO  com.rs.mv.mvvs.rmv.documentation.reader.ProjectDocReader - [framework:30020103]project documentation brief file: C:\Users\user\Desktop\123\папка_для_проекта\MyTestProject\.rmv\documentation\UNIVERSE\custom.json
2025-09-25 15:21:49.564 [pool-3-thread-1] INFO  com.rs.mv.mvvs.rmv.documentation.reader.UserDocReader - [framework:30020104]user documentation brief file: C:\Users\user\documentation\UNIVERSE\custom.json
2025-09-25 15:21:49.666 [pool-3-thread-1] INFO  com.rs.mv.mvvs.rmv.documentation.BasicDocumentation - [framework:30020105]documentation load end
2025-09-25 15:21:49.680 [pool-3-thread-1] INFO  com.rs.mv.mvvs.common.convertor.ConvertorManager - [framework:30030101]convertors for folder(C:/Users/user/Desktop/123/папка_для_проекта/MyTestProject) load start
2025-09-25 15:21:49.692 [pool-3-thread-1] INFO  com.rs.mv.mvvs.common.convertor.ConvertorManager - [framework:30030102]comment convertor load finish
2025-09-25 15:21:49.897 [pool-3-thread-1] INFO  com.rs.mv.mvvs.common.convertor.ConvertorManager - [framework:30030103]keyword convertor load finish
2025-09-25 15:21:49.902 [pool-3-thread-1] INFO  com.rs.mv.mvvs.common.convertor.ConvertorManager - [framework:30030104]operator convertor load finish
2025-09-25 15:21:49.903 [pool-3-thread-1] INFO  com.rs.mv.mvvs.common.convertor.ConvertorManager - [framework:30030105]function name convertor load finish
2025-09-25 15:21:49.903 [pool-3-thread-1] INFO  com.rs.mv.mvvs.common.convertor.ConvertorManager - [framework:30030106]atVariable convertor load finish
2025-09-25 15:21:49.904 [pool-3-thread-1] INFO  com.rs.mv.mvvs.common.convertor.ConvertorManager - [framework:30030107]convertors for folder(C:/Users/user/Desktop/123/папка_для_проекта/MyTestProject) load end
2025-09-25 15:21:49.905 [pool-3-thread-1] INFO  com.rs.mv.mvvs.rmv.config.CapabilityConfig - [framework:30010301]capabilities file(C:/Users/user/Desktop/123/папка_для_проекта/MyTestProject/config/capability) doesn't exist or read error, default config will take effect
2025-09-25 15:21:49.905 [pool-3-thread-1] INFO  com.rs.mv.mvvs.instance.workspace.WorkspaceManager - [workspace:200105]load all workspace folders successful
2025-09-25 15:21:49.907 [pool-3-thread-1] INFO  com.rs.mv.mvvs.client.account.AccountManager - [client:40010101]load account manager start
2025-09-25 15:21:49.916 [pool-3-thread-1] INFO  com.rs.mv.mvvs.client.account.handler.CacheAccountHandler - [client:40010102]load cache account: 
2025-09-25 15:21:49.918 [pool-3-thread-1] INFO  com.rs.mv.mvvs.client.account.handler.ExternalAccountHandler - [client:40010103]load external account: 
2025-09-25 15:21:49.957 [pool-3-thread-1] INFO  com.rs.mv.mvvs.client.catalog.manager.U2CatalogManager - [client:400203]cache file auto update thread launch in MyTestProject account
2025-09-25 15:21:49.963 [pool-3-thread-1] INFO  com.rs.mv.mvvs.client.catalog.from.config.DirsConfigReader - [client:400206]parse dir config information
2025-09-25 15:21:49.967 [pool-3-thread-1] INFO  com.rs.mv.mvvs.client.catalog.from.config.MappingConfigReader - [client:400207]parse mapping config information
2025-09-25 15:21:49.972 [pool-3-thread-1] INFO  com.rs.mv.mvvs.client.catalog.manager.U2CatalogManager - [client:400202]start a schedule task to get global/local catalog for MyTestProject, its period 5s 
2025-09-25 15:21:49.972 [pool-3-thread-1] INFO  com.rs.mv.mvvs.client.catalog.manager.U2CatalogManager - [client:400203]cache file auto update thread launch in build account
2025-09-25 15:21:49.973 [pool-3-thread-1] INFO  com.rs.mv.mvvs.client.catalog.from.config.DirsConfigReader - [client:400206]parse dir config information
2025-09-25 15:21:49.973 [pool-3-thread-1] INFO  com.rs.mv.mvvs.client.catalog.from.config.MappingConfigReader - [client:400207]parse mapping config information
2025-09-25 15:21:49.974 [pool-3-thread-1] INFO  com.rs.mv.mvvs.client.catalog.manager.U2CatalogManager - [client:400202]start a schedule task to get global/local catalog for build, its period 5s 
2025-09-25 15:21:49.975 [pool-3-thread-1] INFO  com.rs.mv.mvvs.client.catalog.manager.U2CatalogManager - [client:400203]cache file auto update thread launch in debug account
2025-09-25 15:21:49.975 [pool-3-thread-1] INFO  com.rs.mv.mvvs.client.catalog.from.config.DirsConfigReader - [client:400206]parse dir config information
2025-09-25 15:21:49.976 [pool-3-thread-1] INFO  com.rs.mv.mvvs.client.catalog.from.config.MappingConfigReader - [client:400207]parse mapping config information
2025-09-25 15:21:49.976 [pool-3-thread-1] INFO  com.rs.mv.mvvs.client.catalog.manager.U2CatalogManager - [client:400202]start a schedule task to get global/local catalog for debug, its period 5s 
2025-09-25 15:21:49.977 [pool-3-thread-1] INFO  com.rs.mv.mvvs.client.catalog.manager.U2CatalogManager - [client:400203]cache file auto update thread launch in .cmake account
2025-09-25 15:21:49.978 [pool-3-thread-1] INFO  com.rs.mv.mvvs.client.catalog.from.config.DirsConfigReader - [client:400206]parse dir config information
2025-09-25 15:21:49.978 [pool-3-thread-1] INFO  com.rs.mv.mvvs.client.catalog.from.config.MappingConfigReader - [client:400207]parse mapping config information
2025-09-25 15:21:49.979 [pool-3-thread-1] INFO  com.rs.mv.mvvs.client.catalog.manager.U2CatalogManager - [client:400202]start a schedule task to get global/local catalog for .cmake, its period 5s 
2025-09-25 15:21:49.980 [pool-3-thread-1] INFO  com.rs.mv.mvvs.client.catalog.manager.U2CatalogManager - [client:400203]cache file auto update thread launch in api account
2025-09-25 15:21:49.980 [pool-3-thread-1] INFO  com.rs.mv.mvvs.client.catalog.from.config.DirsConfigReader - [client:400206]parse dir config information
2025-09-25 15:21:49.980 [pool-3-thread-1] INFO  com.rs.mv.mvvs.client.catalog.from.config.MappingConfigReader - [client:400207]parse mapping config information
2025-09-25 15:21:49.981 [pool-3-thread-1] INFO  com.rs.mv.mvvs.client.catalog.manager.U2CatalogManager - [client:400202]start a schedule task to get global/local catalog for api, its period 5s 
2025-09-25 15:21:49.982 [pool-3-thread-1] INFO  com.rs.mv.mvvs.client.catalog.manager.U2CatalogManager - [client:400203]cache file auto update thread launch in v1 account
2025-09-25 15:21:49.982 [pool-3-thread-1] INFO  com.rs.mv.mvvs.client.catalog.from.config.DirsConfigReader - [client:400206]parse dir config information
2025-09-25 15:21:49.983 [pool-3-thread-1] INFO  com.rs.mv.mvvs.client.catalog.from.config.MappingConfigReader - [client:400207]parse mapping config information
2025-09-25 15:21:49.983 [pool-3-thread-1] INFO  com.rs.mv.mvvs.client.catalog.manager.U2CatalogManager - [client:400202]start a schedule task to get global/local catalog for v1, its period 5s 
2025-09-25 15:21:49.984 [pool-3-thread-1] INFO  com.rs.mv.mvvs.client.catalog.manager.U2CatalogManager - [client:400203]cache file auto update thread launch in query account
2025-09-25 15:21:49.984 [pool-3-thread-1] INFO  com.rs.mv.mvvs.client.catalog.from.config.DirsConfigReader - [client:400206]parse dir config information
2025-09-25 15:21:49.984 [pool-3-thread-1] INFO  com.rs.mv.mvvs.client.catalog.from.config.MappingConfigReader - [client:400207]parse mapping config information
2025-09-25 15:21:49.985 [pool-3-thread-1] INFO  com.rs.mv.mvvs.client.catalog.manager.U2CatalogManager - [client:400202]start a schedule task to get global/local catalog for query, its period 5s 
2025-09-25 15:21:49.986 [pool-3-thread-1] INFO  com.rs.mv.mvvs.client.catalog.manager.U2CatalogManager - [client:400203]cache file auto update thread launch in CMakeFiles account
2025-09-25 15:21:49.986 [pool-3-thread-1] INFO  com.rs.mv.mvvs.client.catalog.from.config.DirsConfigReader - [client:400206]parse dir config information
2025-09-25 15:21:49.987 [pool-3-thread-1] INFO  com.rs.mv.mvvs.client.catalog.from.config.MappingConfigReader - [client:400207]parse mapping config information
2025-09-25 15:21:49.987 [pool-3-thread-1] INFO  com.rs.mv.mvvs.client.catalog.manager.U2CatalogManager - [client:400202]start a schedule task to get global/local catalog for CMakeFiles, its period 5s 
2025-09-25 15:21:49.988 [pool-3-thread-1] INFO  com.rs.mv.mvvs.client.catalog.manager.U2CatalogManager - [client:400203]cache file auto update thread launch in 3.28.1 account
2025-09-25 15:21:49.988 [pool-3-thread-1] INFO  com.rs.mv.mvvs.client.catalog.from.config.DirsConfigReader - [client:400206]parse dir config information
2025-09-25 15:21:49.989 [pool-3-thread-1] INFO  com.rs.mv.mvvs.client.catalog.from.config.MappingConfigReader - [client:400207]parse mapping config information
2025-09-25 15:21:49.990 [pool-3-thread-1] INFO  com.rs.mv.mvvs.client.catalog.manager.U2CatalogManager - [client:400202]start a schedule task to get global/local catalog for 3.28.1, its period 5s 
2025-09-25 15:21:49.991 [pool-3-thread-1] INFO  com.rs.mv.mvvs.client.catalog.manager.U2CatalogManager - [client:400203]cache file auto update thread launch in CompilerIdC account
2025-09-25 15:21:49.992 [pool-3-thread-1] INFO  com.rs.mv.mvvs.client.catalog.from.config.DirsConfigReader - [client:400206]parse dir config information
2025-09-25 15:21:49.992 [pool-3-thread-1] INFO  com.rs.mv.mvvs.client.catalog.from.config.MappingConfigReader - [client:400207]parse mapping config information
2025-09-25 15:21:49.993 [pool-3-thread-1] INFO  com.rs.mv.mvvs.client.catalog.manager.U2CatalogManager - [client:400202]start a schedule task to get global/local catalog for CompilerIdC, its period 5s 
2025-09-25 15:21:49.995 [pool-3-thread-1] INFO  com.rs.mv.mvvs.client.catalog.manager.U2CatalogManager - [client:400203]cache file auto update thread launch in CompilerIdCXX account
2025-09-25 15:21:49.995 [pool-3-thread-1] INFO  com.rs.mv.mvvs.client.catalog.from.config.DirsConfigReader - [client:400206]parse dir config information
2025-09-25 15:21:49.996 [pool-3-thread-1] INFO  com.rs.mv.mvvs.client.catalog.from.config.MappingConfigReader - [client:400207]parse mapping config information
2025-09-25 15:21:49.996 [pool-3-thread-1] INFO  com.rs.mv.mvvs.client.catalog.manager.U2CatalogManager - [client:400202]start a schedule task to get global/local catalog for CompilerIdCXX, its period 5s 
2025-09-25 15:21:49.997 [pool-3-thread-1] INFO  com.rs.mv.mvvs.client.catalog.manager.U2CatalogManager - [client:400203]cache file auto update thread launch in MyTestProject.dir account
2025-09-25 15:21:49.997 [pool-3-thread-1] INFO  com.rs.mv.mvvs.client.catalog.from.config.DirsConfigReader - [client:400206]parse dir config information
2025-09-25 15:21:49.997 [pool-3-thread-1] INFO  com.rs.mv.mvvs.client.catalog.from.config.MappingConfigReader - [client:400207]parse mapping config information
2025-09-25 15:21:49.998 [pool-3-thread-1] INFO  com.rs.mv.mvvs.client.catalog.manager.U2CatalogManager - [client:400202]start a schedule task to get global/local catalog for MyTestProject.dir, its period 5s 
2025-09-25 15:21:49.999 [pool-3-thread-1] INFO  com.rs.mv.mvvs.client.catalog.manager.U2CatalogManager - [client:400203]cache file auto update thread launch in CMSIS account
2025-09-25 15:21:49.999 [pool-3-thread-1] INFO  com.rs.mv.mvvs.client.catalog.from.config.DirsConfigReader - [client:400206]parse dir config information
2025-09-25 15:21:49.999 [pool-3-thread-1] INFO  com.rs.mv.mvvs.client.catalog.from.config.MappingConfigReader - [client:400207]parse mapping config information
2025-09-25 15:21:50.000 [pool-3-thread-1] INFO  com.rs.mv.mvvs.client.catalog.manager.U2CatalogManager - [client:400202]start a schedule task to get global/local catalog for CMSIS, its period 5s 
2025-09-25 15:21:50.001 [pool-3-thread-1] INFO  com.rs.mv.mvvs.client.catalog.manager.U2CatalogManager - [client:400203]cache file auto update thread launch in Device account
2025-09-25 15:21:50.002 [pool-3-thread-1] INFO  com.rs.mv.mvvs.client.catalog.from.config.DirsConfigReader - [client:400206]parse dir config information
2025-09-25 15:21:50.002 [pool-3-thread-1] INFO  com.rs.mv.mvvs.client.catalog.from.config.MappingConfigReader - [client:400207]parse mapping config information
2025-09-25 15:21:50.003 [pool-3-thread-1] INFO  com.rs.mv.mvvs.client.catalog.manager.U2CatalogManager - [client:400202]start a schedule task to get global/local catalog for Device, its period 5s 
2025-09-25 15:21:50.004 [pool-3-thread-1] INFO  com.rs.mv.mvvs.client.catalog.manager.U2CatalogManager - [client:400203]cache file auto update thread launch in ST account
2025-09-25 15:21:50.004 [pool-3-thread-1] INFO  com.rs.mv.mvvs.client.catalog.from.config.DirsConfigReader - [client:400206]parse dir config information
2025-09-25 15:21:50.005 [pool-3-thread-1] INFO  com.rs.mv.mvvs.client.catalog.from.config.MappingConfigReader - [client:400207]parse mapping config information
2025-09-25 15:21:50.005 [pool-3-thread-1] INFO  com.rs.mv.mvvs.client.catalog.manager.U2CatalogManager - [client:400202]start a schedule task to get global/local catalog for ST, its period 5s 
2025-09-25 15:21:50.007 [pool-3-thread-1] INFO  com.rs.mv.mvvs.client.catalog.manager.U2CatalogManager - [client:400203]cache file auto update thread launch in STM32F4xx account
2025-09-25 15:21:50.007 [pool-3-thread-1] INFO  com.rs.mv.mvvs.client.catalog.from.config.DirsConfigReader - [client:400206]parse dir config information
2025-09-25 15:21:50.007 [pool-3-thread-1] INFO  com.rs.mv.mvvs.client.catalog.from.config.MappingConfigReader - [client:400207]parse mapping config information
2025-09-25 15:21:50.008 [pool-3-thread-1] INFO  com.rs.mv.mvvs.client.catalog.manager.U2CatalogManager - [client:400202]start a schedule task to get global/local catalog for STM32F4xx, its period 5s 
2025-09-25 15:21:50.009 [pool-3-thread-1] INFO  com.rs.mv.mvvs.client.catalog.manager.U2CatalogManager - [client:400203]cache file auto update thread launch in Source account
2025-09-25 15:21:50.009 [pool-3-thread-1] INFO  com.rs.mv.mvvs.client.catalog.from.config.DirsConfigReader - [client:400206]parse dir config information
2025-09-25 15:21:50.009 [pool-3-thread-1] INFO  com.rs.mv.mvvs.client.catalog.from.config.MappingConfigReader - [client:400207]parse mapping config information
2025-09-25 15:21:50.010 [pool-3-thread-1] INFO  com.rs.mv.mvvs.client.catalog.manager.U2CatalogManager - [client:400202]start a schedule task to get global/local catalog for Source, its period 5s 
2025-09-25 15:21:50.010 [pool-3-thread-1] INFO  com.rs.mv.mvvs.client.catalog.manager.U2CatalogManager - [client:400203]cache file auto update thread launch in Templates account
2025-09-25 15:21:50.011 [pool-3-thread-1] INFO  com.rs.mv.mvvs.client.catalog.from.config.DirsConfigReader - [client:400206]parse dir config information
2025-09-25 15:21:50.011 [pool-3-thread-1] INFO  com.rs.mv.mvvs.client.catalog.from.config.MappingConfigReader - [client:400207]parse mapping config information
2025-09-25 15:21:50.013 [pool-3-thread-1] INFO  com.rs.mv.mvvs.client.catalog.manager.U2CatalogManager - [client:400202]start a schedule task to get global/local catalog for Templates, its period 5s 
2025-09-25 15:21:50.014 [pool-3-thread-1] INFO  com.rs.mv.mvvs.client.catalog.manager.U2CatalogManager - [client:400203]cache file auto update thread launch in iar account
2025-09-25 15:21:50.014 [pool-3-thread-1] INFO  com.rs.mv.mvvs.client.catalog.from.config.DirsConfigReader - [client:400206]parse dir config information
2025-09-25 15:21:50.014 [pool-3-thread-1] INFO  com.rs.mv.mvvs.client.catalog.from.config.MappingConfigReader - [client:400207]parse mapping config information
2025-09-25 15:21:50.014 [pool-3-thread-1] INFO  com.rs.mv.mvvs.client.catalog.manager.U2CatalogManager - [client:400202]start a schedule task to get global/local catalog for iar, its period 5s 
2025-09-25 15:21:50.027 [pool-3-thread-1] INFO  com.rs.mv.mvvs.client.account.handler.ServerAccountHandler - [client:40010104]load server account: Account{name=Device, path=C:/Users/user/Desktop/123/папка_для_проекта/MyTestProject/CMSIS/Device, type=PREDICT}
Account{name=Templates, path=C:/Users/user/Desktop/123/папка_для_проекта/MyTestProject/CMSIS/Device/ST/STM32F4xx/Source/Templates, type=PREDICT}
Account{name=3.28.1, path=C:/Users/user/Desktop/123/папка_для_проекта/MyTestProject/build/debug/CMakeFiles/3.28.1, type=PREDICT}
Account{name=Source, path=C:/Users/user/Desktop/123/папка_для_проекта/MyTestProject/CMSIS/Device/ST/STM32F4xx/Source, type=PREDICT}
Account{name=v1, path=C:/Users/user/Desktop/123/папка_для_проекта/MyTestProject/build/debug/.cmake/api/v1, type=PREDICT}
Account{name=CMakeFiles, path=C:/Users/user/Desktop/123/папка_для_проекта/MyTestProject/build/debug/CMakeFiles, type=PREDICT}
Account{name=iar, path=C:/Users/user/Desktop/123/папка_для_проекта/MyTestProject/CMSIS/Device/ST/STM32F4xx/Source/Templates/iar, type=PREDICT}
Account{name=debug, path=C:/Users/user/Desktop/123/папка_для_проекта/MyTestProject/build/debug, type=PREDICT}
Account{name=ST, path=C:/Users/user/Desktop/123/папка_для_проекта/MyTestProject/CMSIS/Device/ST, type=PREDICT}
Account{name=CompilerIdCXX, path=C:/Users/user/Desktop/123/папка_для_проекта/MyTestProject/build/debug/CMakeFiles/3.28.1/CompilerIdCXX, type=PREDICT}
Account{name=MyTestProject.dir, path=C:/Users/user/Desktop/123/папка_для_проекта/MyTestProject/build/debug/CMakeFiles/MyTestProject.dir, type=PREDICT}
Account{name=CompilerIdC, path=C:/Users/user/Desktop/123/папка_для_проекта/MyTestProject/build/debug/CMakeFiles/3.28.1/CompilerIdC, type=PREDICT}
Account{name=build, path=C:/Users/user/Desktop/123/папка_для_проекта/MyTestProject/build, type=PREDICT}
Account{name=query, path=C:/Users/user/Desktop/123/папка_для_проекта/MyTestProject/build/debug/.cmake/api/v1/query, type=PREDICT}
Account{name=CMSIS, path=C:/Users/user/Desktop/123/папка_для_проекта/MyTestProject/CMSIS, type=PREDICT}
Account{name=api, path=C:/Users/user/Desktop/123/папка_для_проекта/MyTestProject/build/debug/.cmake/api, type=PREDICT}
Account{name=STM32F4xx, path=C:/Users/user/Desktop/123/папка_для_проекта/MyTestProject/CMSIS/Device/ST/STM32F4xx, type=PREDICT}
Account{name=MyTestProject, path=C:/Users/user/Desktop/123/папка_для_проекта/MyTestProject, type=PREDICT}
Account{name=.cmake, path=C:/Users/user/Desktop/123/папка_для_проекта/MyTestProject/build/debug/.cmake, type=PREDICT}
2025-09-25 15:21:50.027 [pool-3-thread-1] INFO  com.rs.mv.mvvs.client.account.AccountManager - [client:40010105]load account manager finish
2025-09-25 15:21:50.029 [pool-3-thread-1] INFO  com.rs.mv.mvvs.instance.userspace.UserspaceManager - [framework:30010402]config file(C:\Users\user/.rmv/config) watcher launch successful
2025-09-25 15:24:44.954 [pool-3-thread-1] INFO  com.rs.mv.mvvs.client.catalog.from.scan.CurrentPathScanner - [client:400205]scan file in current open file directory(C:/Users/user/Desktop/123/папка_для_проекта/MyTestProject/Src)
2025-09-25 15:30:26.647 [pool-3-thread-1] INFO  com.rs.mv.mvvs.client.catalog.from.scan.CurrentPathScanner - [client:400205]scan file in current open file directory(C:/Users/user/Desktop/123/папка_для_проекта/MyTestProject/Src)
2025-09-25 15:58:06.584 [pool-3-thread-1] INFO  com.rs.mv.mvvs.client.catalog.from.scan.CurrentPathScanner - [client:400205]scan file in current open file directory(C:/Users/user/Desktop/123/папка_для_проекта/MyTestProject/Src)
2025-09-25 16:02:00.100 [pool-3-thread-1] INFO  com.rs.mv.mvvs.client.catalog.from.scan.CurrentPathScanner - [client:400205]scan file in current open file directory(C:/Users/user/Desktop/123/папка_для_проекта/MyTestProject/Src)
2025-09-25 16:07:02.787 [pool-3-thread-1] INFO  com.rs.mv.mvvs.client.catalog.from.scan.CurrentPathScanner - [client:400205]scan file in current open file directory(C:/Users/user/Desktop/123/папка_для_проекта/MyTestProject/Src)
2025-09-25 16:11:10.383 [pool-3-thread-1] INFO  com.rs.mv.mvvs.client.catalog.from.scan.CurrentPathScanner - [client:400205]scan file in current open file directory(C:/Users/user/Desktop/123/папка_для_проекта/MyTestProject/Src)
2025-09-25 16:13:12.601 [pool-3-thread-1] INFO  com.rs.mv.mvvs.client.catalog.from.scan.CurrentPathScanner - [client:400205]scan file in current open file directory(C:/Users/user/Desktop/123/папка_для_проекта/MyTestProject/Src)
