2025-10-09 17:59:53.770 [main] INFO  com.rs.mv.mvvs.Startup - [LSP:100101]ROCKET MV BASIC EXTENSION to start
2025-10-09 17:59:53.792 [main] INFO  com.rs.mv.mvvs.lsp.server.BasicLanguageServerLauncher - [LSP:100102]start pip server
2025-10-09 17:59:53.889 [main] INFO  com.rs.mv.mvvs.lsp.server.BasicLanguageServerLauncher - [LSP:100103]ROCKET MV BASIC EXTENSION start successful
2025-10-09 17:59:53.966 [pool-3-thread-1] INFO  com.rs.mv.mvvs.instance.workspace.WorkspaceManager - [workspace:200101]load all workspace folders start
2025-10-09 17:59:53.966 [pool-3-thread-1] INFO  com.rs.mv.mvvs.instance.workspace.WorkspaceManager - [workspace:20010201]root uri: file:///c%3A/Users/user/Desktop/123/%D0%BF%D0%B0%D0%BF%D0%BA%D0%B0_%D0%B4%D0%BB%D1%8F_%D0%BF%D1%80%D0%BE%D0%B5%D0%BA%D1%82%D0%B0/MyTestProject
2025-10-09 17:59:53.969 [pool-3-thread-1] INFO  com.rs.mv.mvvs.instance.workspace.handler.FolderHandler - [workspace:200103]workspace contains workspace folder: file:///c%3A/Users/user/Desktop/123/%D0%BF%D0%B0%D0%BF%D0%BA%D0%B0_%D0%B4%D0%BB%D1%8F_%D0%BF%D1%80%D0%BE%D0%B5%D0%BA%D1%82%D0%B0/MyTestProject
2025-10-09 17:59:53.980 [pool-3-thread-1] INFO  com.rs.mv.mvvs.instance.workspace.handler.FolderHandler - [workspace:200104]workspace folder will be cached: file:///c%3A/Users/user/Desktop/123/%D0%BF%D0%B0%D0%BF%D0%BA%D0%B0_%D0%B4%D0%BB%D1%8F_%D0%BF%D1%80%D0%BE%D0%B5%D0%BA%D1%82%D0%B0/MyTestProject
2025-10-09 17:59:53.981 [pool-3-thread-1] INFO  com.rs.mv.mvvs.rmv.config.Config - [framework:30010101]config load start
2025-10-09 17:59:53.981 [pool-3-thread-1] INFO  com.rs.mv.mvvs.rmv.config.Config - [framework:30010102]project config path is : C:/Users/user/Desktop/123/папка_для_проекта/MyTestProject/.rmv/config
2025-10-09 17:59:53.982 [pool-3-thread-1] INFO  com.rs.mv.mvvs.rmv.config.Config - [framework:30010103]resource config path is : /
2025-10-09 17:59:53.982 [pool-3-thread-1] INFO  com.rs.mv.mvvs.rmv.config.Config - [framework:30010104]user config path is : C:/Users/user
2025-10-09 17:59:53.995 [pool-3-thread-1] INFO  com.rs.mv.mvvs.rmv.config.Config - [framework:30010105]config load end
2025-10-09 17:59:53.998 [pool-3-thread-1] INFO  com.rs.mv.mvvs.rmv.documentation.BasicDocumentation - [framework:30020101]documentation load start
2025-10-09 17:59:54.000 [pool-3-thread-1] INFO  com.rs.mv.mvvs.rmv.documentation.reader.SystemDocReader - [framework:30020102]system documentation path: /documentation/UNIVERSE/
2025-10-09 17:59:54.002 [pool-3-thread-1] INFO  com.rs.mv.mvvs.rmv.documentation.reader.ProjectDocReader - [framework:30020103]project documentation brief file: C:\Users\user\Desktop\123\папка_для_проекта\MyTestProject\.rmv\documentation\UNIVERSE\custom.json
2025-10-09 17:59:54.002 [pool-3-thread-1] INFO  com.rs.mv.mvvs.rmv.documentation.reader.UserDocReader - [framework:30020104]user documentation brief file: C:\Users\user\documentation\UNIVERSE\custom.json
2025-10-09 17:59:54.083 [pool-3-thread-1] INFO  com.rs.mv.mvvs.rmv.documentation.BasicDocumentation - [framework:30020105]documentation load end
2025-10-09 17:59:54.088 [pool-3-thread-1] INFO  com.rs.mv.mvvs.common.convertor.ConvertorManager - [framework:30030101]convertors for folder(C:/Users/user/Desktop/123/папка_для_проекта/MyTestProject) load start
2025-10-09 17:59:54.096 [pool-3-thread-1] INFO  com.rs.mv.mvvs.common.convertor.ConvertorManager - [framework:30030102]comment convertor load finish
2025-10-09 17:59:54.220 [pool-3-thread-1] INFO  com.rs.mv.mvvs.common.convertor.ConvertorManager - [framework:30030103]keyword convertor load finish
2025-10-09 17:59:54.225 [pool-3-thread-1] INFO  com.rs.mv.mvvs.common.convertor.ConvertorManager - [framework:30030104]operator convertor load finish
2025-10-09 17:59:54.226 [pool-3-thread-1] INFO  com.rs.mv.mvvs.common.convertor.ConvertorManager - [framework:30030105]function name convertor load finish
2025-10-09 17:59:54.227 [pool-3-thread-1] INFO  com.rs.mv.mvvs.common.convertor.ConvertorManager - [framework:30030106]atVariable convertor load finish
2025-10-09 17:59:54.227 [pool-3-thread-1] INFO  com.rs.mv.mvvs.common.convertor.ConvertorManager - [framework:30030107]convertors for folder(C:/Users/user/Desktop/123/папка_для_проекта/MyTestProject) load end
2025-10-09 17:59:54.229 [pool-3-thread-1] INFO  com.rs.mv.mvvs.rmv.config.CapabilityConfig - [framework:30010301]capabilities file(C:/Users/user/Desktop/123/папка_для_проекта/MyTestProject/config/capability) doesn't exist or read error, default config will take effect
2025-10-09 17:59:54.230 [pool-3-thread-1] INFO  com.rs.mv.mvvs.instance.workspace.WorkspaceManager - [workspace:200105]load all workspace folders successful
2025-10-09 17:59:54.232 [pool-3-thread-1] INFO  com.rs.mv.mvvs.client.account.AccountManager - [client:40010101]load account manager start
2025-10-09 17:59:54.245 [pool-3-thread-1] INFO  com.rs.mv.mvvs.client.account.handler.CacheAccountHandler - [client:40010102]load cache account: 
2025-10-09 17:59:54.249 [pool-3-thread-1] INFO  com.rs.mv.mvvs.client.account.handler.ExternalAccountHandler - [client:40010103]load external account: 
2025-10-09 17:59:54.282 [pool-3-thread-1] INFO  com.rs.mv.mvvs.client.catalog.manager.U2CatalogManager - [client:400203]cache file auto update thread launch in MyTestProject account
2025-10-09 17:59:54.292 [pool-3-thread-1] INFO  com.rs.mv.mvvs.client.catalog.from.config.DirsConfigReader - [client:400206]parse dir config information
2025-10-09 17:59:54.298 [pool-3-thread-1] INFO  com.rs.mv.mvvs.client.catalog.from.config.MappingConfigReader - [client:400207]parse mapping config information
2025-10-09 17:59:54.299 [pool-3-thread-1] INFO  com.rs.mv.mvvs.client.catalog.manager.U2CatalogManager - [client:400202]start a schedule task to get global/local catalog for MyTestProject, its period 5s 
2025-10-09 17:59:54.300 [pool-3-thread-1] INFO  com.rs.mv.mvvs.client.catalog.manager.U2CatalogManager - [client:400203]cache file auto update thread launch in build account
2025-10-09 17:59:54.301 [pool-3-thread-1] INFO  com.rs.mv.mvvs.client.catalog.from.config.DirsConfigReader - [client:400206]parse dir config information
2025-10-09 17:59:54.302 [pool-3-thread-1] INFO  com.rs.mv.mvvs.client.catalog.from.config.MappingConfigReader - [client:400207]parse mapping config information
2025-10-09 17:59:54.303 [pool-3-thread-1] INFO  com.rs.mv.mvvs.client.catalog.manager.U2CatalogManager - [client:400202]start a schedule task to get global/local catalog for build, its period 5s 
2025-10-09 17:59:54.304 [pool-3-thread-1] INFO  com.rs.mv.mvvs.client.catalog.manager.U2CatalogManager - [client:400203]cache file auto update thread launch in debug account
2025-10-09 17:59:54.305 [pool-3-thread-1] INFO  com.rs.mv.mvvs.client.catalog.from.config.DirsConfigReader - [client:400206]parse dir config information
2025-10-09 17:59:54.305 [pool-3-thread-1] INFO  com.rs.mv.mvvs.client.catalog.from.config.MappingConfigReader - [client:400207]parse mapping config information
2025-10-09 17:59:54.306 [pool-3-thread-1] INFO  com.rs.mv.mvvs.client.catalog.manager.U2CatalogManager - [client:400202]start a schedule task to get global/local catalog for debug, its period 5s 
2025-10-09 17:59:54.308 [pool-3-thread-1] INFO  com.rs.mv.mvvs.client.catalog.manager.U2CatalogManager - [client:400203]cache file auto update thread launch in .cmake account
2025-10-09 17:59:54.309 [pool-3-thread-1] INFO  com.rs.mv.mvvs.client.catalog.from.config.DirsConfigReader - [client:400206]parse dir config information
2025-10-09 17:59:54.309 [pool-3-thread-1] INFO  com.rs.mv.mvvs.client.catalog.from.config.MappingConfigReader - [client:400207]parse mapping config information
2025-10-09 17:59:54.311 [pool-3-thread-1] INFO  com.rs.mv.mvvs.client.catalog.manager.U2CatalogManager - [client:400202]start a schedule task to get global/local catalog for .cmake, its period 5s 
2025-10-09 17:59:54.312 [pool-3-thread-1] INFO  com.rs.mv.mvvs.client.catalog.manager.U2CatalogManager - [client:400203]cache file auto update thread launch in api account
2025-10-09 17:59:54.312 [pool-3-thread-1] INFO  com.rs.mv.mvvs.client.catalog.from.config.DirsConfigReader - [client:400206]parse dir config information
2025-10-09 17:59:54.313 [pool-3-thread-1] INFO  com.rs.mv.mvvs.client.catalog.from.config.MappingConfigReader - [client:400207]parse mapping config information
2025-10-09 17:59:54.314 [pool-3-thread-1] INFO  com.rs.mv.mvvs.client.catalog.manager.U2CatalogManager - [client:400202]start a schedule task to get global/local catalog for api, its period 5s 
2025-10-09 17:59:54.315 [pool-3-thread-1] INFO  com.rs.mv.mvvs.client.catalog.manager.U2CatalogManager - [client:400203]cache file auto update thread launch in v1 account
2025-10-09 17:59:54.316 [pool-3-thread-1] INFO  com.rs.mv.mvvs.client.catalog.from.config.DirsConfigReader - [client:400206]parse dir config information
2025-10-09 17:59:54.316 [pool-3-thread-1] INFO  com.rs.mv.mvvs.client.catalog.from.config.MappingConfigReader - [client:400207]parse mapping config information
2025-10-09 17:59:54.317 [pool-3-thread-1] INFO  com.rs.mv.mvvs.client.catalog.manager.U2CatalogManager - [client:400202]start a schedule task to get global/local catalog for v1, its period 5s 
2025-10-09 17:59:54.318 [pool-3-thread-1] INFO  com.rs.mv.mvvs.client.catalog.manager.U2CatalogManager - [client:400203]cache file auto update thread launch in query account
2025-10-09 17:59:54.318 [pool-3-thread-1] INFO  com.rs.mv.mvvs.client.catalog.from.config.DirsConfigReader - [client:400206]parse dir config information
2025-10-09 17:59:54.319 [pool-3-thread-1] INFO  com.rs.mv.mvvs.client.catalog.from.config.MappingConfigReader - [client:400207]parse mapping config information
2025-10-09 17:59:54.320 [pool-3-thread-1] INFO  com.rs.mv.mvvs.client.catalog.manager.U2CatalogManager - [client:400202]start a schedule task to get global/local catalog for query, its period 5s 
2025-10-09 17:59:54.321 [pool-3-thread-1] INFO  com.rs.mv.mvvs.client.catalog.manager.U2CatalogManager - [client:400203]cache file auto update thread launch in CMakeFiles account
2025-10-09 17:59:54.321 [pool-3-thread-1] INFO  com.rs.mv.mvvs.client.catalog.from.config.DirsConfigReader - [client:400206]parse dir config information
2025-10-09 17:59:54.322 [pool-3-thread-1] INFO  com.rs.mv.mvvs.client.catalog.from.config.MappingConfigReader - [client:400207]parse mapping config information
2025-10-09 17:59:54.323 [pool-3-thread-1] INFO  com.rs.mv.mvvs.client.catalog.manager.U2CatalogManager - [client:400202]start a schedule task to get global/local catalog for CMakeFiles, its period 5s 
2025-10-09 17:59:54.324 [pool-3-thread-1] INFO  com.rs.mv.mvvs.client.catalog.manager.U2CatalogManager - [client:400203]cache file auto update thread launch in 3.28.1 account
2025-10-09 17:59:54.325 [pool-3-thread-1] INFO  com.rs.mv.mvvs.client.catalog.from.config.DirsConfigReader - [client:400206]parse dir config information
2025-10-09 17:59:54.326 [pool-3-thread-1] INFO  com.rs.mv.mvvs.client.catalog.from.config.MappingConfigReader - [client:400207]parse mapping config information
2025-10-09 17:59:54.326 [pool-3-thread-1] INFO  com.rs.mv.mvvs.client.catalog.manager.U2CatalogManager - [client:400202]start a schedule task to get global/local catalog for 3.28.1, its period 5s 
2025-10-09 17:59:54.327 [pool-3-thread-1] INFO  com.rs.mv.mvvs.client.catalog.manager.U2CatalogManager - [client:400203]cache file auto update thread launch in CompilerIdC account
2025-10-09 17:59:54.327 [pool-3-thread-1] INFO  com.rs.mv.mvvs.client.catalog.from.config.DirsConfigReader - [client:400206]parse dir config information
2025-10-09 17:59:54.328 [pool-3-thread-1] INFO  com.rs.mv.mvvs.client.catalog.from.config.MappingConfigReader - [client:400207]parse mapping config information
2025-10-09 17:59:54.329 [pool-3-thread-1] INFO  com.rs.mv.mvvs.client.catalog.manager.U2CatalogManager - [client:400202]start a schedule task to get global/local catalog for CompilerIdC, its period 5s 
2025-10-09 17:59:54.329 [pool-3-thread-1] INFO  com.rs.mv.mvvs.client.catalog.manager.U2CatalogManager - [client:400203]cache file auto update thread launch in CompilerIdCXX account
2025-10-09 17:59:54.330 [pool-3-thread-1] INFO  com.rs.mv.mvvs.client.catalog.from.config.DirsConfigReader - [client:400206]parse dir config information
2025-10-09 17:59:54.330 [pool-3-thread-1] INFO  com.rs.mv.mvvs.client.catalog.from.config.MappingConfigReader - [client:400207]parse mapping config information
2025-10-09 17:59:54.331 [pool-3-thread-1] INFO  com.rs.mv.mvvs.client.catalog.manager.U2CatalogManager - [client:400202]start a schedule task to get global/local catalog for CompilerIdCXX, its period 5s 
2025-10-09 17:59:54.332 [pool-3-thread-1] INFO  com.rs.mv.mvvs.client.catalog.manager.U2CatalogManager - [client:400203]cache file auto update thread launch in MyTestProject.dir account
2025-10-09 17:59:54.332 [pool-3-thread-1] INFO  com.rs.mv.mvvs.client.catalog.from.config.DirsConfigReader - [client:400206]parse dir config information
2025-10-09 17:59:54.333 [pool-3-thread-1] INFO  com.rs.mv.mvvs.client.catalog.from.config.MappingConfigReader - [client:400207]parse mapping config information
2025-10-09 17:59:54.333 [pool-3-thread-1] INFO  com.rs.mv.mvvs.client.catalog.manager.U2CatalogManager - [client:400202]start a schedule task to get global/local catalog for MyTestProject.dir, its period 5s 
2025-10-09 17:59:54.334 [pool-3-thread-1] INFO  com.rs.mv.mvvs.client.catalog.manager.U2CatalogManager - [client:400203]cache file auto update thread launch in CMSIS account
2025-10-09 17:59:54.335 [pool-3-thread-1] INFO  com.rs.mv.mvvs.client.catalog.from.config.DirsConfigReader - [client:400206]parse dir config information
2025-10-09 17:59:54.335 [pool-3-thread-1] INFO  com.rs.mv.mvvs.client.catalog.from.config.MappingConfigReader - [client:400207]parse mapping config information
2025-10-09 17:59:54.336 [pool-3-thread-1] INFO  com.rs.mv.mvvs.client.catalog.manager.U2CatalogManager - [client:400202]start a schedule task to get global/local catalog for CMSIS, its period 5s 
2025-10-09 17:59:54.336 [pool-3-thread-1] INFO  com.rs.mv.mvvs.client.catalog.manager.U2CatalogManager - [client:400203]cache file auto update thread launch in Device account
2025-10-09 17:59:54.337 [pool-3-thread-1] INFO  com.rs.mv.mvvs.client.catalog.from.config.DirsConfigReader - [client:400206]parse dir config information
2025-10-09 17:59:54.337 [pool-3-thread-1] INFO  com.rs.mv.mvvs.client.catalog.from.config.MappingConfigReader - [client:400207]parse mapping config information
2025-10-09 17:59:54.338 [pool-3-thread-1] INFO  com.rs.mv.mvvs.client.catalog.manager.U2CatalogManager - [client:400202]start a schedule task to get global/local catalog for Device, its period 5s 
2025-10-09 17:59:54.339 [pool-3-thread-1] INFO  com.rs.mv.mvvs.client.catalog.manager.U2CatalogManager - [client:400203]cache file auto update thread launch in ST account
2025-10-09 17:59:54.339 [pool-3-thread-1] INFO  com.rs.mv.mvvs.client.catalog.from.config.DirsConfigReader - [client:400206]parse dir config information
2025-10-09 17:59:54.340 [pool-3-thread-1] INFO  com.rs.mv.mvvs.client.catalog.from.config.MappingConfigReader - [client:400207]parse mapping config information
2025-10-09 17:59:54.341 [pool-3-thread-1] INFO  com.rs.mv.mvvs.client.catalog.manager.U2CatalogManager - [client:400202]start a schedule task to get global/local catalog for ST, its period 5s 
2025-10-09 17:59:54.342 [pool-3-thread-1] INFO  com.rs.mv.mvvs.client.catalog.manager.U2CatalogManager - [client:400203]cache file auto update thread launch in STM32F4xx account
2025-10-09 17:59:54.343 [pool-3-thread-1] INFO  com.rs.mv.mvvs.client.catalog.from.config.DirsConfigReader - [client:400206]parse dir config information
2025-10-09 17:59:54.343 [pool-3-thread-1] INFO  com.rs.mv.mvvs.client.catalog.from.config.MappingConfigReader - [client:400207]parse mapping config information
2025-10-09 17:59:54.344 [pool-3-thread-1] INFO  com.rs.mv.mvvs.client.catalog.manager.U2CatalogManager - [client:400202]start a schedule task to get global/local catalog for STM32F4xx, its period 5s 
2025-10-09 17:59:54.346 [pool-3-thread-1] INFO  com.rs.mv.mvvs.client.catalog.manager.U2CatalogManager - [client:400203]cache file auto update thread launch in Source account
2025-10-09 17:59:54.347 [pool-3-thread-1] INFO  com.rs.mv.mvvs.client.catalog.from.config.DirsConfigReader - [client:400206]parse dir config information
2025-10-09 17:59:54.347 [pool-3-thread-1] INFO  com.rs.mv.mvvs.client.catalog.from.config.MappingConfigReader - [client:400207]parse mapping config information
2025-10-09 17:59:54.348 [pool-3-thread-1] INFO  com.rs.mv.mvvs.client.catalog.manager.U2CatalogManager - [client:400202]start a schedule task to get global/local catalog for Source, its period 5s 
2025-10-09 17:59:54.349 [pool-3-thread-1] INFO  com.rs.mv.mvvs.client.catalog.manager.U2CatalogManager - [client:400203]cache file auto update thread launch in Templates account
2025-10-09 17:59:54.349 [pool-3-thread-1] INFO  com.rs.mv.mvvs.client.catalog.from.config.DirsConfigReader - [client:400206]parse dir config information
2025-10-09 17:59:54.350 [pool-3-thread-1] INFO  com.rs.mv.mvvs.client.catalog.from.config.MappingConfigReader - [client:400207]parse mapping config information
2025-10-09 17:59:54.350 [pool-3-thread-1] INFO  com.rs.mv.mvvs.client.catalog.manager.U2CatalogManager - [client:400202]start a schedule task to get global/local catalog for Templates, its period 5s 
2025-10-09 17:59:54.351 [pool-3-thread-1] INFO  com.rs.mv.mvvs.client.catalog.manager.U2CatalogManager - [client:400203]cache file auto update thread launch in iar account
2025-10-09 17:59:54.351 [pool-3-thread-1] INFO  com.rs.mv.mvvs.client.catalog.from.config.DirsConfigReader - [client:400206]parse dir config information
2025-10-09 17:59:54.352 [pool-3-thread-1] INFO  com.rs.mv.mvvs.client.catalog.from.config.MappingConfigReader - [client:400207]parse mapping config information
2025-10-09 17:59:54.353 [pool-3-thread-1] INFO  com.rs.mv.mvvs.client.catalog.manager.U2CatalogManager - [client:400202]start a schedule task to get global/local catalog for iar, its period 5s 
2025-10-09 17:59:54.353 [pool-3-thread-1] INFO  com.rs.mv.mvvs.client.catalog.manager.U2CatalogManager - [client:400203]cache file auto update thread launch in Src account
2025-10-09 17:59:54.354 [pool-3-thread-1] INFO  com.rs.mv.mvvs.client.catalog.from.config.DirsConfigReader - [client:400206]parse dir config information
2025-10-09 17:59:54.354 [pool-3-thread-1] INFO  com.rs.mv.mvvs.client.catalog.from.config.MappingConfigReader - [client:400207]parse mapping config information
2025-10-09 17:59:54.355 [pool-3-thread-1] INFO  com.rs.mv.mvvs.client.catalog.manager.U2CatalogManager - [client:400202]start a schedule task to get global/local catalog for Src, its period 5s 
2025-10-09 17:59:54.356 [pool-3-thread-1] INFO  com.rs.mv.mvvs.client.catalog.manager.U2CatalogManager - [client:400203]cache file auto update thread launch in build account
2025-10-09 17:59:54.356 [pool-3-thread-1] INFO  com.rs.mv.mvvs.client.catalog.from.config.DirsConfigReader - [client:400206]parse dir config information
2025-10-09 17:59:54.357 [pool-3-thread-1] INFO  com.rs.mv.mvvs.client.catalog.from.config.MappingConfigReader - [client:400207]parse mapping config information
2025-10-09 17:59:54.358 [pool-3-thread-1] INFO  com.rs.mv.mvvs.client.catalog.manager.U2CatalogManager - [client:400202]start a schedule task to get global/local catalog for build, its period 5s 
2025-10-09 17:59:54.359 [pool-3-thread-1] INFO  com.rs.mv.mvvs.rmv.documentation.BasicDocumentation - [framework:30020101]documentation load start
2025-10-09 17:59:54.359 [pool-3-thread-1] INFO  com.rs.mv.mvvs.rmv.documentation.reader.SystemDocReader - [framework:30020102]system documentation path: /documentation/UNIVERSE/
2025-10-09 17:59:54.359 [pool-3-thread-1] INFO  com.rs.mv.mvvs.rmv.documentation.reader.ProjectDocReader - [framework:30020103]project documentation brief file: custom.json
2025-10-09 17:59:54.359 [pool-3-thread-1] INFO  com.rs.mv.mvvs.rmv.documentation.reader.UserDocReader - [framework:30020104]user documentation brief file: C:\Users\user\documentation\UNIVERSE\custom.json
2025-10-09 17:59:54.369 [pool-3-thread-1] INFO  com.rs.mv.mvvs.rmv.documentation.BasicDocumentation - [framework:30020105]documentation load end
2025-10-09 17:59:54.371 [pool-3-thread-1] INFO  com.rs.mv.mvvs.common.convertor.ConvertorManager - [framework:30030101]convertors for folder(*) load start
2025-10-09 17:59:54.371 [pool-3-thread-1] INFO  com.rs.mv.mvvs.common.convertor.ConvertorManager - [framework:30030102]comment convertor load finish
2025-10-09 17:59:54.374 [pool-3-thread-1] INFO  com.rs.mv.mvvs.common.convertor.ConvertorManager - [framework:30030103]keyword convertor load finish
2025-10-09 17:59:54.375 [pool-3-thread-1] INFO  com.rs.mv.mvvs.common.convertor.ConvertorManager - [framework:30030104]operator convertor load finish
2025-10-09 17:59:54.376 [pool-3-thread-1] INFO  com.rs.mv.mvvs.common.convertor.ConvertorManager - [framework:30030105]function name convertor load finish
2025-10-09 17:59:54.376 [pool-3-thread-1] INFO  com.rs.mv.mvvs.common.convertor.ConvertorManager - [framework:30030106]atVariable convertor load finish
2025-10-09 17:59:54.376 [pool-3-thread-1] INFO  com.rs.mv.mvvs.common.convertor.ConvertorManager - [framework:30030107]convertors for folder(*) load end
2025-10-09 17:59:54.376 [pool-3-thread-1] INFO  com.rs.mv.mvvs.client.catalog.manager.U2CatalogManager - [client:400203]cache file auto update thread launch in ... account
2025-10-09 17:59:54.376 [pool-3-thread-1] INFO  com.rs.mv.mvvs.client.catalog.from.config.DirsConfigReader - [client:400206]parse dir config information
2025-10-09 17:59:54.376 [pool-3-thread-1] INFO  com.rs.mv.mvvs.client.catalog.from.config.MappingConfigReader - [client:400207]parse mapping config information
2025-10-09 17:59:54.378 [pool-3-thread-1] INFO  com.rs.mv.mvvs.client.catalog.manager.U2CatalogManager - [client:400202]start a schedule task to get global/local catalog for ..., its period 5s 
2025-10-09 17:59:54.396 [pool-3-thread-1] INFO  com.rs.mv.mvvs.client.account.handler.ServerAccountHandler - [client:40010104]load server account: Account{name=Device, path=C:/Users/user/Desktop/123/папка_для_проекта/MyTestProject/CMSIS/Device, type=PREDICT}
Account{name=Templates, path=C:/Users/user/Desktop/123/папка_для_проекта/MyTestProject/CMSIS/Device/ST/STM32F4xx/Source/Templates, type=PREDICT}
Account{name=3.28.1, path=C:/Users/user/Desktop/123/папка_для_проекта/MyTestProject/build/debug/CMakeFiles/3.28.1, type=PREDICT}
Account{name=Source, path=C:/Users/user/Desktop/123/папка_для_проекта/MyTestProject/CMSIS/Device/ST/STM32F4xx/Source, type=PREDICT}
Account{name=Src, path=C:/Users/user/Desktop/123/папка_для_проекта/MyTestProject/Src, type=PREDICT}
Account{name=v1, path=C:/Users/user/Desktop/123/папка_для_проекта/MyTestProject/build/debug/.cmake/api/v1, type=PREDICT}
Account{name=CMakeFiles, path=C:/Users/user/Desktop/123/папка_для_проекта/MyTestProject/build/debug/CMakeFiles, type=PREDICT}
Account{name=iar, path=C:/Users/user/Desktop/123/папка_для_проекта/MyTestProject/CMSIS/Device/ST/STM32F4xx/Source/Templates/iar, type=PREDICT}
Account{name=debug, path=C:/Users/user/Desktop/123/папка_для_проекта/MyTestProject/build/debug, type=PREDICT}
Account{name=ST, path=C:/Users/user/Desktop/123/папка_для_проекта/MyTestProject/CMSIS/Device/ST, type=PREDICT}
Account{name=CompilerIdCXX, path=C:/Users/user/Desktop/123/папка_для_проекта/MyTestProject/build/debug/CMakeFiles/3.28.1/CompilerIdCXX, type=PREDICT}
Account{name=MyTestProject.dir, path=C:/Users/user/Desktop/123/папка_для_проекта/MyTestProject/build/debug/CMakeFiles/MyTestProject.dir, type=PREDICT}
Account{name=CompilerIdC, path=C:/Users/user/Desktop/123/папка_для_проекта/MyTestProject/build/debug/CMakeFiles/3.28.1/CompilerIdC, type=PREDICT}
Account{name=build, path=C:/Users/user/Desktop/123/папка_для_проекта/MyTestProject/build, type=PREDICT}
Account{name=query, path=C:/Users/user/Desktop/123/папка_для_проекта/MyTestProject/build/debug/.cmake/api/v1/query, type=PREDICT}
Account{name=CMSIS, path=C:/Users/user/Desktop/123/папка_для_проекта/MyTestProject/CMSIS, type=PREDICT}
Account{name=build, path=C:/Users/user/Desktop/123/папка_для_проекта/MyTestProject/Src/build, type=PREDICT}
Account{name=api, path=C:/Users/user/Desktop/123/папка_для_проекта/MyTestProject/build/debug/.cmake/api, type=PREDICT}
Account{name=STM32F4xx, path=C:/Users/user/Desktop/123/папка_для_проекта/MyTestProject/CMSIS/Device/ST/STM32F4xx, type=PREDICT}
Account{name=MyTestProject, path=C:/Users/user/Desktop/123/папка_для_проекта/MyTestProject, type=PREDICT}
Account{name=..., path=..., type=PREDICT}
2025-10-09 17:59:54.397 [pool-3-thread-1] INFO  com.rs.mv.mvvs.client.account.AccountManager - [client:40010105]load account manager finish
2025-10-09 17:59:54.398 [pool-3-thread-1] INFO  com.rs.mv.mvvs.instance.userspace.UserspaceManager - [framework:30010402]config file(C:\Users\user/.rmv/config) watcher launch successful
2025-10-09 18:00:10.341 [pool-3-thread-1] INFO  com.rs.mv.mvvs.client.catalog.from.scan.CurrentPathScanner - [client:400205]scan file in current open file directory(C:/Users/user/Desktop/123/папка_для_проекта/MyTestProject/Src)
2025-10-09 18:00:33.414 [pool-3-thread-1] INFO  com.rs.mv.mvvs.client.catalog.from.scan.CurrentPathScanner - [client:400205]scan file in current open file directory(C:/Users/user/Desktop/123/папка_для_проекта/MyTestProject/Src)
2025-10-09 18:19:10.626 [pool-3-thread-1] INFO  com.rs.mv.mvvs.client.catalog.from.scan.CurrentPathScanner - [client:400205]scan file in current open file directory(C:/Users/user/Desktop/123/папка_для_проекта/MyTestProject)
2025-10-09 18:20:48.253 [pool-3-thread-1] INFO  com.rs.mv.mvvs.client.catalog.from.scan.CurrentPathScanner - [client:400205]scan file in current open file directory(C:/Users/user/Desktop/123/папка_для_проекта/MyTestProject/Src)
2025-10-09 18:21:27.203 [pool-3-thread-1] INFO  com.rs.mv.mvvs.client.catalog.from.scan.CurrentPathScanner - [client:400205]scan file in current open file directory(C:/Users/user/Desktop/123/папка_для_проекта/MyTestProject)
2025-10-09 18:24:50.723 [pool-3-thread-1] INFO  com.rs.mv.mvvs.client.catalog.from.scan.CurrentPathScanner - [client:400205]scan file in current open file directory(C:/Users/user/Desktop/123/папка_для_проекта/MyTestProject/Src)
2025-10-09 18:27:29.451 [pool-3-thread-1] INFO  com.rs.mv.mvvs.client.catalog.from.scan.CurrentPathScanner - [client:400205]scan file in current open file directory(C:/Users/user/Desktop/123/папка_для_проекта/MyTestProject)
2025-10-09 18:30:12.337 [pool-3-thread-1] INFO  com.rs.mv.mvvs.client.catalog.from.scan.CurrentPathScanner - [client:400205]scan file in current open file directory(C:/Users/user/Desktop/123/папка_для_проекта/MyTestProject/Src)
